{
  "stats": {
    "suites": 1,
    "tests": 5,
    "passes": 5,
    "pending": 0,
    "failures": 0,
    "start": "2021-11-09T09:31:22.713Z",
    "end": "2021-11-09T09:31:39.017Z",
    "duration": 16304,
    "testsRegistered": 5,
    "passPercent": 100,
    "pendingPercent": 0,
    "other": 0,
    "hasOther": false,
    "skipped": 0,
    "hasSkipped": false
  },
  "results": [
    {
      "uuid": "ba38e2e2-b52d-4bd8-ae50-81473e95258b",
      "title": "",
      "fullFile": "cypress/integration/functions-testing.js",
      "file": "cypress/integration/functions-testing.js",
      "beforeHooks": [],
      "afterHooks": [],
      "tests": [],
      "suites": [
        {
          "uuid": "71f584f3-5711-46c1-a722-074d4180c778",
          "title": "Tests basic functionality of dashboard and linked pages",
          "fullFile": "",
          "file": "",
          "beforeHooks": [],
          "afterHooks": [],
          "tests": [
            {
              "title": "Links from dashboard",
              "fullTitle": "Tests basic functionality of dashboard and linked pages Links from dashboard",
              "timedOut": null,
              "duration": 3561,
              "state": "passed",
              "speed": "fast",
              "pass": true,
              "fail": false,
              "pending": false,
              "context": null,
              "code": "dashboard.viewRooms();\ndashboard.backToDashboard();\ndashboard.viewClients();\ndashboard.backToDashboard();\ndashboard.viewBills();\ndashboard.backToDashboard();\ndashboard.viewReservations();\ndashboard.backToDashboard();",
              "err": {},
              "uuid": "f8961409-2558-428c-ae08-e60638e4cda4",
              "parentUUID": "71f584f3-5711-46c1-a722-074d4180c778",
              "isHook": false,
              "skipped": false
            },
            {
              "title": "Create a new room",
              "fullTitle": "Tests basic functionality of dashboard and linked pages Create a new room",
              "timedOut": null,
              "duration": 3302,
              "state": "passed",
              "speed": "fast",
              "pass": true,
              "fail": false,
              "pending": false,
              "context": null,
              "code": "let category = 0;\nlet roomNumber = 301;\nlet floor = 3;\nlet available = true;\nlet price = 999;\nlet features = [0, 2];\ndashboard.viewRooms();\nrooms.createNew(category, roomNumber, floor, available, price, features);\ncy.contains('.card', roomNumber);\ndashboard.backToDashboard();",
              "err": {},
              "uuid": "3a89078d-096a-448f-b78d-4d0773cf7ff8",
              "parentUUID": "71f584f3-5711-46c1-a722-074d4180c778",
              "isHook": false,
              "skipped": false
            },
            {
              "title": "Creates a new client",
              "fullTitle": "Tests basic functionality of dashboard and linked pages Creates a new client",
              "timedOut": null,
              "duration": 3145,
              "state": "passed",
              "speed": "fast",
              "pass": true,
              "fail": false,
              "pending": false,
              "context": null,
              "code": "let name = 'Tester Client';\nlet email = 'tester@client.com';\nlet tel = '070-111 22 33';\ndashboard.viewClients();\nclients.createNew(name, email, tel);\ncy.contains('.card', name);\ndashboard.backToDashboard();",
              "err": {},
              "uuid": "2fbda0c4-d38b-415e-a2ae-e479a5e8f2ca",
              "parentUUID": "71f584f3-5711-46c1-a722-074d4180c778",
              "isHook": false,
              "skipped": false
            },
            {
              "title": "Creates a new bill",
              "fullTitle": "Tests basic functionality of dashboard and linked pages Creates a new bill",
              "timedOut": null,
              "duration": 2393,
              "state": "passed",
              "speed": "fast",
              "pass": true,
              "fail": false,
              "pending": false,
              "context": null,
              "code": "let value = 999;\nlet paid = false;\ndashboard.viewBills();\nbills.createNew(value, paid);\ncy.contains('.card', value);\ndashboard.backToDashboard();",
              "err": {},
              "uuid": "a7a50acb-9b83-4321-adf6-cf66e6d6d63c",
              "parentUUID": "71f584f3-5711-46c1-a722-074d4180c778",
              "isHook": false,
              "skipped": false
            },
            {
              "title": "Creates a new reservation",
              "fullTitle": "Tests basic functionality of dashboard and linked pages Creates a new reservation",
              "timedOut": null,
              "duration": 3275,
              "state": "passed",
              "speed": "fast",
              "pass": true,
              "fail": false,
              "pending": false,
              "context": null,
              "code": "let start = '2021-11-01';\nlet end = '2021-11-02';\nlet client = 2;\nlet room = 2;\nlet bill = 1;\ndashboard.viewReservations();\nreservations.createNew(start, end, client, room, bill);\ncy.contains('.card', start, end);\ndashboard.backToDashboard();",
              "err": {},
              "uuid": "08fdaf5f-bd76-471e-9d12-74f411eccf17",
              "parentUUID": "71f584f3-5711-46c1-a722-074d4180c778",
              "isHook": false,
              "skipped": false
            }
          ],
          "suites": [],
          "passes": [
            "f8961409-2558-428c-ae08-e60638e4cda4",
            "3a89078d-096a-448f-b78d-4d0773cf7ff8",
            "2fbda0c4-d38b-415e-a2ae-e479a5e8f2ca",
            "a7a50acb-9b83-4321-adf6-cf66e6d6d63c",
            "08fdaf5f-bd76-471e-9d12-74f411eccf17"
          ],
          "failures": [],
          "pending": [],
          "skipped": [],
          "duration": 15676,
          "root": false,
          "rootEmpty": false,
          "_timeout": 2000
        }
      ],
      "passes": [],
      "failures": [],
      "pending": [],
      "skipped": [],
      "duration": 0,
      "root": true,
      "rootEmpty": true,
      "_timeout": 2000
    }
  ],
  "meta": {
    "mocha": {
      "version": "7.0.1"
    },
    "mochawesome": {
      "options": {
        "quiet": false,
        "reportFilename": "mochawesome",
        "saveHtml": true,
        "saveJson": true,
        "consoleReporter": "spec",
        "useInlineDiffs": false,
        "code": true
      },
      "version": "6.3.1"
    },
    "marge": {
      "options": null,
      "version": "5.2.0"
    }
  }
}